
ROM used: 182 (2%)
          182 (2%) including unused fragments

          1 Average locations per line
          5 Average locations per statement

RAM used: 7 (2%) at main() level
          8 (2%) worst case

Stack used: 1 worst case (out of 8 total available)

Lines Stmts  %   Files
----- ----- ---  -----
   46    35 100  display.c
  313     0   0  C:\Arquivos de programas\PICC\devices\16F877A.H
----- -----
  359    35 Total

Page ROM  %  RAM   Vol Diff  Functions:
---- --- --- ---   --- ----  ----------
0     20  11   1             @delay_ms1
0    158  87   1   863  1.9  main

Program metrics:
    Functions               1
    Statements              35
    Comments                75
    Volume (V)              866
    Difficilty (D)          1.9
    Effort to implement (E) 1658
    Time to implement (T)   2 minutes
    Est Delivered Bugs (B)  0
    Cyclomatic Complexity   1
    Maintainability (MI)    116

 Segment     Used  Free
-----------  ----  ----
00000-00003     4  0  
00004-007FF   178  1866  
00800-00FFF     0  2048  
01000-017FF     0  2048  
01800-01FFF     0  2048  



