MPASM  5.50                          MATH.ASM   6-26-2013  16:26:28         PAGE  1


LOC  OBJECT CODE     LINE SOURCE TEXT
  VALUE

                      00001 ;;;;;;;;;;;;;;;;;;;;;;;;;;;;;;;;;;;;;;;;;;;;;;;;;;;;;;;;;;;;;;;;;;;;;;;;;;;;;;;;;;;;;;;;;;
                      00002 ;   
                      00003 ;   Biblioteca de funcoes matematicas
                      00004 ;   @Author  :  Rafael Dias Menezes
                      00005 ;   @Data    :  Jul/2009
                      00006 ;
                      00007 ;;;;;;;;;;;;;;;;;;;;;;;;;;;;;;;;;;;;;;;;;;;;;;;;;;;;;;;;;;;;;;;;;;;;;;;;;;;;;;;;;;;;;;;;;;
                      00008 
                      00009     #include <defs.inc>
                      00001 
                      00002 
                      00003     list p=16F628A
                      00004     #include <p16F628A.inc>
                      00001         LIST
                      00002 
                      00003 ;==========================================================================
                      00004 ;  MPASM PIC16F628A processor include
                      00005 ; 
                      00006 ;  (c) Copyright 1999-2013 Microchip Technology, All rights reserved
                      00007 ;==========================================================================
                      00008 
                      00385         LIST
                      00005     RADIX   dec
                      00006     
                      00010     #include <macros.inc>
                      00001 ;;;;;;;;;;;;;;;;;;;;;;;;;;;;;;;;;;;;;;;;;;;;;;;;;;;;;;;;;;;;;;;;;;;;;;;;;;;;;;;;;;;;;;;;;;
                      00002 ;   
                      00003 ;   Biblioteca de macros
                      00004 ;   @Author  :  Rafael Dias Menezes
                      00005 ;   @Data    :  Jul/2009
                      00006 ;
                      00007 ;;;;;;;;;;;;;;;;;;;;;;;;;;;;;;;;;;;;;;;;;;;;;;;;;;;;;;;;;;;;;;;;;;;;;;;;;;;;;;;;;;;;;;;;;;
                      00008     #include <defs.inc>
                      00007 
                      00008 
                      00009     list p=16F628A
                      00010     #include <p16F628A.inc>
                      00386         LIST
                      00387 
                      00388 ;==========================================================================
                      00389 ;  MPASM PIC16F628A processor include
                      00390 ; 
                      00391 ;  (c) Copyright 1999-2013 Microchip Technology, All rights reserved
                      00392 ;==========================================================================
                      00393 
Message[310]: Superseding current maximum RAM and RAM map.
                      00770         LIST
                      00011     RADIX   dec
                      00012     
                      00009         
                      00010 ;;;;;;;;;;;;;;;;;;;;;;;;;;;;;;;;;;;;;;;;;;;;;;;;;;;;;;;;;;;;;;;;;;;;;;;;;;;;;;;;;;;;;;;;
                      00011 ;       MACRO CJNE
                      00012 ;       \brief  Compara e salta se o registro for diferente ao valor 
MPASM  5.50                          MATH.ASM   6-26-2013  16:26:28         PAGE  2


LOC  OBJECT CODE     LINE SOURCE TEXT
  VALUE

                      00013 ;       \param  REG     registro a ser comparado
                      00014 ;       \param  VAL     valor a ser comparado   
                      00015 ;       \param  ENDER endereco de salto
                      00016 ;;;;;;;;;;;;;;;;;;;;;;;;;;;;;;;;;;;;;;;;;;;;;;;;;;;;;;;;;;;;;;;;;;;;;;;;;;;;;;;;;;;;;;;;
                      00017 CJNE    MACRO   REG, VAL, ENDER
                      00018                 movlw   VAL
                      00019                 xorlw   REG,W
                      00020                 btfss   STATUS,Z
                      00021                 goto    ENDER   
                      00022                 ENDM    
                      00023 
                      00024 ;;;;;;;;;;;;;;;;;;;;;;;;;;;;;;;;;;;;;;;;;;;;;;;;;;;;;;;;;;;;;;;;;;;;;;;;;;;;;;;;;;;;;;;;;;;
                      00025 
                      00026 ;;;;;;;;;;;;;;;;;;;;;;;;;;;;;;;;;;;;;;;;;;;;;;;;;;;;;;;;;;;;;;;;;;;;;;;;;;;;;;;;;;;;;;;;
                      00027 ;       MACRO CJEQ
                      00028 ;       \brief  Compara e salta se o registro for igual ao valor 
                      00029 ;       \param  REG     registro a ser comparado
                      00030 ;       \param  VAL     valor a ser comparado   
                      00031 ;       \param  ENDER endereco de salto
                      00032 ;;;;;;;;;;;;;;;;;;;;;;;;;;;;;;;;;;;;;;;;;;;;;;;;;;;;;;;;;;;;;;;;;;;;;;;;;;;;;;;;;;;;;;;;
                      00033 CJEQ    MACRO   REG, VAL, ENDER
                      00034                 movlw   VAL
                      00035                 xorwf   REG,W
                      00036                 btfsc   STATUS,Z
                      00037                 goto    ENDER   
                      00038                 ENDM    
                      00039 
                      00040 ;;;;;;;;;;;;;;;;;;;;;;;;;;;;;;;;;;;;;;;;;;;;;;;;;;;;;;;;;;;;;;;;;;;;;;;;;;;;;;;;;;;;;;;;
                      00041 ;       MACRO CJGT
                      00042 ;       \brief  Compara e salta se o registro for maior do que o valor 
                      00043 ;       \param  REG     registro a ser comparado
                      00044 ;       \param  VAL     valor a ser comparado   
                      00045 ;       \param  ENDER endereco de salto
                      00046 ;;;;;;;;;;;;;;;;;;;;;;;;;;;;;;;;;;;;;;;;;;;;;;;;;;;;;;;;;;;;;;;;;;;;;;;;;;;;;;;;;;;;;;;;
                      00047 CJGT    MACRO   REG, VAL, ENDER
                      00048                 movlw   VAL
                      00049                 subwf   REG,W
                      00050                 btfsc   STATUS,C
                      00051                 goto    ENDER   
                      00052                 ENDM    
                      00053                 
                      00054 ;;;;;;;;;;;;;;;;;;;;;;;;;;;;;;;;;;;;;;;;;;;;;;;;;;;;;;;;;;;;;;;;;;;;;;;;;;;;;;;;;;;;;;;;
                      00055 ; MACRO CJLT
                      00056 ;       \brief  Compara e salta se o registro for menor do que o valor 
                      00057 ;       \param  REG     registro a ser comparado
                      00058 ;       \param  VAL     valor a ser comparado   
                      00059 ;       \param  ENDER endereco de salto
                      00060 ;;;;;;;;;;;;;;;;;;;;;;;;;;;;;;;;;;;;;;;;;;;;;;;;;;;;;;;;;;;;;;;;;;;;;;;;;;;;;;;;;;;;;;;;
                      00061 CJLT    MACRO   REG, VAL, ENDER
                      00062                 movlw           VAL
                      00063                 subwf           REG,W
                      00064                 btfss           STATUS,C
                      00065                 goto            ENDER   
MPASM  5.50                          MATH.ASM   6-26-2013  16:26:28         PAGE  3


LOC  OBJECT CODE     LINE SOURCE TEXT
  VALUE

                      00066                 ENDM    
                      00067                 
                      00068 ;;;;;;;;;;;;;;;;;;;;;;;;;;;;;;;;;;;;;;;;;;;;;;;;;;;;;;;;;;;;;;;;;;;;;;;;;;;;;;;;;;;;;;;;
                      00069 ; MACRO JPWZ
                      00070 ;       \brief  Salta se o acumulador for zero
                      00071 ;       \param  ENDER endereco de salto
                      00072 ;;;;;;;;;;;;;;;;;;;;;;;;;;;;;;;;;;;;;;;;;;;;;;;;;;;;;;;;;;;;;;;;;;;;;;;;;;;;;;;;;;;;;;;;
                      00073 JPWZ    MACRO  ENDER
                      00074                 iorlw           0
                      00075                 btfsc           STATUS,Z
                      00076                 goto            ENDER
                      00077                 ENDM
                      00078                 
                      00079 ;;;;;;;;;;;;;;;;;;;;;;;;;;;;;;;;;;;;;;;;;;;;;;;;;;;;;;;;;;;;;;;;;;;;;;;;;;;;;;;;;;;;;;;;
                      00080 ; MACRO JPWNZ
                      00081 ;       \brief  Salta se o acumulador for diferente de zero
                      00082 ;       \param  ENDER endereco de salto
                      00083 ;;;;;;;;;;;;;;;;;;;;;;;;;;;;;;;;;;;;;;;;;;;;;;;;;;;;;;;;;;;;;;;;;;;;;;;;;;;;;;;;;;;;;;;;
                      00084 JPWNZ   MACRO  ENDER
                      00085                 iorlw           0
                      00086                 btfss           STATUS,Z
                      00087                 goto            ENDER
                      00088                 ENDM
                      00089                 
                      00090 ;;;;;;;;;;;;;;;;;;;;;;;;;;;;;;;;;;;;;;;;;;;;;;;;;;;;;;;;;;;;;;;;;;;;;;;;;;;;;;;;;;;;;;;;                
                      00091 ; MACRO JPWNZ
                      00092 ;       \brief  Salta se o acumulador for igual ao valor
                      00093 ;       \param  VAL     valor comparado
                      00094 ;       \param  ENDER endereco de salto
                      00095 ;;;;;;;;;;;;;;;;;;;;;;;;;;;;;;;;;;;;;;;;;;;;;;;;;;;;;;;;;;;;;;;;;;;;;;;;;;;;;;;;;;;;;;;;
                      00096 JPWEQ   MACRO   VAL, ENDER      
                      00097                 xorlw           VAL
                      00098                 btfsc           STATUS,Z
                      00099                 goto            ENDER
                      00100                 ENDM
                      00101                 
                      00102 ;;;;;;;;;;;;;;;;;;;;;;;;;;;;;;;;;;;;;;;;;;;;;;;;;;;;;;;;;;;;;;;;;;;;;;;;;;;;;;;;;;;;;;;;
                      00103 ; MACRO INCW
                      00104 ;       \brief  incrementa acumulador
                      00105 ;       \param  ENDER endereco de salto
                      00106 ;;;;;;;;;;;;;;;;;;;;;;;;;;;;;;;;;;;;;;;;;;;;;;;;;;;;;;;;;;;;;;;;;;;;;;;;;;;;;;;;;;;;;;;;
                      00107 INCW    MACRO   
                      00108                 addlw   1
                      00109                 ENDM
                      00110                 
                      00111 ;;;;;;;;;;;;;;;;;;;;;;;;;;;;;;;;;;;;;;;;;;;;;;;;;;;;;;;;;;;;;;;;;;;;;;;;;;;;;;;;;;;;;;;;
                      00112 ; MACRO DECW
                      00113 ;       \brief  decrementa acumulador
                      00114 ;       \param  ENDER endereco de salto
                      00115 ;;;;;;;;;;;;;;;;;;;;;;;;;;;;;;;;;;;;;;;;;;;;;;;;;;;;;;;;;;;;;;;;;;;;;;;;;;;;;;;;;;;;;;;;
                      00116 DECW    MACRO
                      00117                 addlw   -1
                      00118                 ENDM
MPASM  5.50                          MATH.ASM   6-26-2013  16:26:28         PAGE  4


LOC  OBJECT CODE     LINE SOURCE TEXT
  VALUE

                      00119         
                      00120 ;;;;;;;;;;;;;;;;;;;;;;;;;;;;;;;;;;;;;;;;;;;;;;;;;;;;;;;;;;;;;;;;;;;;;;;;;;;;;;;;;;;;;;;;
                      00121 ; MACRO RRNC
                      00122 ;       \brief  rotaciona registro sem o carry
                      00123 ;       \param  REG regostro a ser rotacionado
                      00124 ;;;;;;;;;;;;;;;;;;;;;;;;;;;;;;;;;;;;;;;;;;;;;;;;;;;;;;;;;;;;;;;;;;;;;;;;;;;;;;;;;;;;;;;;
                      00125 RRNC    MACRO REG
                      00126                 bcf                     STATUS, C
                      00127                 rrf                     REG, F
                      00128                 ENDM
                      00129 
                      00130 ;;;;;;;;;;;;;;;;;;;;;;;;;;;;;;;;;;;;;;;;;;;;;;;;;;;;;;;;;;;;;;;;;;;;;;;;;;;;;;;;;;;;;;;;
                      00131 ; MACRO RLNC
                      00132 ;       \brief  rotaciona registro sem o carry
                      00133 ;       \param  REG regostro a ser rotacionado
                      00134 ;;;;;;;;;;;;;;;;;;;;;;;;;;;;;;;;;;;;;;;;;;;;;;;;;;;;;;;;;;;;;;;;;;;;;;;;;;;;;;;;;;;;;;;;
                      00135 RLNC    MACRO REG
                      00136                 bcf                     STATUS, C
                      00137                 rlf                     REG, F
                      00138                 ENDM
                      00139                 
                      00140 ;;;;;;;;;;;;;;;;;;;;;;;;;;;;;;;;;;;;;;;;;;;;;;;;;;;;;;;;;;;;;;;;;;;;;;;;;;;;;;;;;;;;;;;;
                      00141 ; MACRO COMW
                      00142 ;       \brief  complementa acumulador
                      00143 ;;;;;;;;;;;;;;;;;;;;;;;;;;;;;;;;;;;;;;;;;;;;;;;;;;;;;;;;;;;;;;;;;;;;;;;;;;;;;;;;;;;;;;;;
                      00144 COMW    MACRO 
                      00145                 xorlw                   0xFF
                      00146                 ENDM
                      00147                 
                      00148                 
                      00149 ;;;;;;;;;;;;;;;;;;;;;;;;;;;;;;;;;;;;;;;;;;;;;;;;;;;;;;;;;;;;;;;;;;;;;;;;;;;;;;;;;;;;;;;;
                      00150 ; MACRO BCW
                      00151 ;       \brief  apaga um bit do acumulador
                      00152 ;;;;;;;;;;;;;;;;;;;;;;;;;;;;;;;;;;;;;;;;;;;;;;;;;;;;;;;;;;;;;;;;;;;;;;;;;;;;;;;;;;;;;;;;
                      00153 BCW     MACRO BIT
                      00154                 IF (BIT==0) 
                      00155                         andlw   b'11111110'
                      00156                 ENDIF
                      00157                 IF (BIT==1)
                      00158                         andlw   b'11111101'
                      00159                 ENDIF
                      00160                 IF (BIT==2)
                      00161                         andlw   b'11111011'
                      00162                 ENDIF
                      00163                 IF (BIT==3)
                      00164                         andlw   b'11110111'
                      00165                 ENDIF
                      00166                 IF (BIT==4)
                      00167                         andlw   b'11101111'
                      00168                 ENDIF
                      00169                 IF (BIT==5)
                      00170                         andlw   b'11011111'
                      00171                 ENDIF
MPASM  5.50                          MATH.ASM   6-26-2013  16:26:28         PAGE  5


LOC  OBJECT CODE     LINE SOURCE TEXT
  VALUE

                      00172                 IF (BIT==6)
                      00173                         andlw   b'10111111'
                      00174                 ENDIF
                      00175                 IF (BIT==7)
                      00176                         andlw   b'01111111'
                      00177                 ENDIF
                      00178                 ENDM
                      00179 
                      00180 
                      00181 ;;;;;;;;;;;;;;;;;;;;;;;;;;;;;;;;;;;;;;;;;;;;;;;;;;;;;;;;;;;;;;;;;;;;;;;;;;;;;;;;;;;;;;;;
                      00182 ; MACRO BSW
                      00183 ;       \brief  liga um bit do acumulador
                      00184 ;;;;;;;;;;;;;;;;;;;;;;;;;;;;;;;;;;;;;;;;;;;;;;;;;;;;;;;;;;;;;;;;;;;;;;;;;;;;;;;;;;;;;;;;
                      00185 BSW     MACRO BIT
                      00186                 IF (BIT==0) 
                      00187                         iorlw   1
                      00188                 ENDIF
                      00189                 IF (BIT==1)
                      00190                         iorlw 2
                      00191                 ENDIF
                      00192                 IF (BIT==2)
                      00193                         iorlw   4
                      00194                 ENDIF
                      00195                 IF (BIT==3)
                      00196                         iorlw   8
                      00197                 ENDIF
                      00198                 IF (BIT==4)
                      00199                         iorlw   16
                      00200                 ENDIF
                      00201                 IF (BIT==5)
                      00202                         iorlw   32
                      00203                 ENDIF
                      00204                 IF (BIT==6)
                      00205                         iorlw   64
                      00206                 ENDIF
                      00207                 IF (BIT==7)
                      00208                         iorlw   128
                      00209                 ENDIF
                      00210         ENDM
                      00211 
                      00011     
                      00012     
                      00013     UDATA
0000                  00014 B_REG   RES 1   ;  variável armazenamento de valores temporarios
0001                  00015 W_TEMP  RES 1     
                      00016     
                      00017     UDATA_OVR
0000                  00018 iCount  RES 1
0001                  00019 LTMP    RES 2
                      00020        
                      00021         
  0000                00022     GLOBAL  B_REG, DIV_8, MUL_8
                      00023      
MPASM  5.50                          MATH.ASM   6-26-2013  16:26:28         PAGE  6


LOC  OBJECT CODE     LINE SOURCE TEXT
  VALUE

                      00024     CODE
                      00025     
                      00026     
                      00027 ;;;;;;;;;;;;;;;;;;;;;;;;;;;;;;;;;;;;;;;;;;;;;;;;;;;;;;;;;;;;;;;;;;;;;;;;;;;;;;;;;;;;;;;;;;;;     
                      00028 ;   MUL_8
                      00029 ;   \brief  realiza a multiplicação de 8 bits entre W_REG e B_REG.
                      00030 ;   \return WREG(LSB) B_REG(MSB)
                      00031 ;;;;;;;;;;;;;;;;;;;;;;;;;;;;;;;;;;;;;;;;;;;;;;;;;;;;;;;;;;;;;;;;;;;;;;;;;;;;;;;;;;;;;;;;;;;;    
0000                  00032 MUL_8:
0000   ???? ????      00033         BANKSEL LTMP    ; LTMP é a variavel de 16 bits que armazenará o resultado
0002   01??           00034         clrf    LTMP
0003   01??           00035         clrf    LTMP+1
0004   ???? ????      00036         BANKSEL iCount
0006   01??           00037         clrf    iCount
0007   ???? ????      00038         BANKSEL W_TEMP
0009   00??           00039         movwf   W_TEMP
                      00040 
                      00041 ; mutiplicação não passa de uma soma sucessiva  
000A                  00042 MUL_8_LOOP:     
                      00043 
                      00044         ; verificação do controle do LOOP.
                      00045         ; quando iCount for igual a B_REG, sai do loop.
                      00046         
000A   ???? ????      00047         BANKSEL iCount
000C   08??           00048         movfw   iCount
000D   ???? ????      00049         BANKSEL B_REG
000F   02??           00050         subwf   B_REG,W
                      00051         
0010   1903           00052         btfsc   STATUS,Z
0011   2???           00053         goto    MUL_8_END
                      00054         
0012   ???? ????      00055         BANKSEL W_TEMP
0014   08??           00056         movfw   W_TEMP
0015   ???? ????      00057         BANKSEL LTMP
0017   07??           00058         addwf   LTMP+1,F
0018   1803           00059         btfsc   STATUS,C
0019   0A??           00060         incf    LTMP,F
                      00061         
001A   ???? ????      00062         BANKSEL iCount
001C   0A??           00063         incf    iCount,F                        ; incrementa contador
                      00064         
001D   2???           00065         goto MUL_8_LOOP
                      00066         
001E                  00067 MUL_8_END:
                      00068         ; copia os valores finais do calculo.
                      00069         ; B_REG byte mais significativo do cálculo (MSB)
                      00070         ; W_REG byte menos significativo do cálculo (LSB)
001E   ???? ????      00071         BANKSEL LTMP
0020   08??           00072         movfw   LTMP
0021   ???? ????      00073         BANKSEL B_REG
0023   00??           00074         movwf   B_REG
0024   ???? ????      00075         BANKSEL LTMP+1
0026   08??           00076         movfw   LTMP+1
MPASM  5.50                          MATH.ASM   6-26-2013  16:26:28         PAGE  7


LOC  OBJECT CODE     LINE SOURCE TEXT
  VALUE

0027   0008           00077         return
                      00078 ;;;;;;;;;;;;;;;;;;;;;;;;;;;;;;;;;;;;;;;;;;;;;;;;;;;;;;;;;;;;;;;;;;;;;;;;;;;;;;;;;;;;;;;;;;;;    
                      00079  
                      00080  
                      00081 
                      00082 ;;;;;;;;;;;;;;;;;;;;;;;;;;;;;;;;;;;;;;;;;;;;;;;;;;;;;;;;;;;;;;;;;;;;;;;;;;;;;;;;;;;;;;;;;;;;     
                      00083 ;   DIV_8
                      00084 ;   \brief  realiza a divisão de 8 bits entre W_REG(dividendo) e B_REG(divisor).
                      00085 ;   \return WREG(quociente) B_REG(resto)
                      00086 ;;;;;;;;;;;;;;;;;;;;;;;;;;;;;;;;;;;;;;;;;;;;;;;;;;;;;;;;;;;;;;;;;;;;;;;;;;;;;;;;;;;;;;;;;;;;    
0028                  00087 DIV_8:
                      00088         ; inicialização de variáveis locais
0028   ???? ????      00089         BANKSEL iCount
002A   01??           00090         clrf    iCount
                      00091         
002B   ???? ????      00092         BANKSEL W_TEMP
002D   00??           00093         movwf   W_TEMP
                      00094         
002E   ???? ????      00095         BANKSEL B_REG
0030   02??           00096         subwf   B_REG,W
                      00097         
0031   1903           00098         btfsc   STATUS,Z
0032   2???           00099         goto    DIV_8_END_DIV.EQ.DIVD
0033   1803           00100         btfsc   STATUS,C
0034   2???           00101         goto    DIV_8_END_DIV.GT.DIVD
                      00102         
0035                  00103 DIV_8_LOOP:
                      00104         ; REALIZA O LOOP INTERATIVO PARA CALCULAR A DIVISÃO DE DOIS NUMETROS INTEIROS
                      00105         ; O LOOP É REALIZADO ATÉ QUE O VALOR ARMAZENADO NA VARIÁVEL W_TEMP SEJA MENOR
                      00106         ; DO QUE O VALOR DE B_REG
0035   ???? ????      00107         BANKSEL W_TEMP
0037   08??           00108         movf    W_TEMP,W
                      00109         
0038   ???? ????      00110         BANKSEL B_REG
003A   08??           00111         movf    B_REG,W
003B   02??           00112         subwf   W_TEMP,W        ; W <= W_TEMP-B_REG
                      00113         
003C   ???? ????      00114         BANKSEL W_TEMP
003E   00??           00115         movwf   W_TEMP  
                      00116 
                      00117         ; agora devo comparar o valor de W_TEMP com B_REG. 
                      00118         ;Se B_REG > W_TEMP
003F   ???? ????      00119         BANKSEL B_REG
0041   08??           00120         movf    B_REG,W
0042   02??           00121         subwf   W_TEMP,W
                      00122         
0043   ???? ????      00123         BANKSEL iCount                  ; incrementa contador do quociente
0045   0A??           00124         incf    iCount,F        
                      00125         
0046   1903           00126         btfsc   STATUS,Z
0047   2???           00127         goto    DIV_8_END_RESTO
0048   1C03           00128         btfss   STATUS,C
0049   2???           00129         goto    DIV_8_END_RESTO
MPASM  5.50                          MATH.ASM   6-26-2013  16:26:28         PAGE  8


LOC  OBJECT CODE     LINE SOURCE TEXT
  VALUE

                      00130         
004A   2???           00131         goto    DIV_8_LOOP      ; repete o loop
                      00132 
004B                  00133 DIV_8_END_RESTO:
                      00134         ; RETORNA O VALOR DO RESTO
004B   ???? ????      00135         BANKSEL W_TEMP
004D   08??           00136         movfw   W_TEMP
004E   ???? ????      00137         BANKSEL B_REG
0050   00??           00138         movwf   B_REG
                      00139 
                      00140         ; RETORNA O VALOR DO QUOCIENTE
0051   ???? ????      00141         BANKSEL iCount
0053   08??           00142         movfw   iCount
0054   0008           00143         RETURN
                      00144         
0055                  00145 DIV_8_END_DIV.EQ.DIVD
0055   ???? ????      00146         BANKSEL B_REG   
0057   01??           00147         clrf    B_REG
0058   3001           00148         movlw   1
0059   0008           00149         RETURN
                      00150         
005A                  00151 DIV_8_END_DIV.GT.DIVD
005A   ???? ????      00152         BANKSEL W_TEMP
005C   08??           00153         movfw   W_TEMP
005D   ???? ????      00154         BANKSEL B_REG
005F   00??           00155         movwf   B_REG
0060   0103           00156         clrw
0061   0008           00157         RETURN
                      00158 ;;;;;;;;;;;;;;;;;;;;;;;;;;;;;;;;;;;;;;;;;;;;;;;;;;;;;;;;;;;;;;;;;;;;;;;;;;;;;;;;;;;;;;;;;;;;    
                      00159         
                      00160   
                      00161     END;
MPASM  5.50                          MATH.ASM   6-26-2013  16:26:28         PAGE  9


SYMBOL TABLE
  LABEL                             VALUE 

ADDEN                             00000003
ADEN                              00000003
BCW                               
BRGH                              00000002
BSW                               
B_REG                             00000000
C                                 00000000
C1INV                             00000004
C1OUT                             00000006
C2INV                             00000005
C2OUT                             00000007
CCP1CON                           00000017
CCP1IE                            00000002
CCP1IF                            00000002
CCP1M0                            00000000
CCP1M1                            00000001
CCP1M2                            00000002
CCP1M3                            00000003
CCP1X                             00000005
CCP1Y                             00000004
CCPR1                             00000015
CCPR1H                            00000016
CCPR1L                            00000015
CIS                               00000003
CJEQ                              
CJGT                              
CJLT                              
CJNE                              
CM0                               00000000
CM1                               00000001
CM2                               00000002
CMCON                             0000001F
CMIE                              00000006
CMIF                              00000006
COMW                              
CREN                              00000004
CSRC                              00000007
DATA_CP_OFF                       00003FFF
DATA_CP_ON                        00003EFF
DC                                00000001
DECW                              
DIV_8                             00000028
DIV_8_END_DIV.EQ.DIVD             00000055
DIV_8_END_DIV.GT.DIVD             0000005A
DIV_8_END_RESTO                   0000004B
DIV_8_LOOP                        00000035
EEADR                             0000009B
EECON1                            0000009C
EECON2                            0000009D
EEDATA                            0000009A
EEIE                              00000007
EEIF                              00000007
F                                 00000001
MPASM  5.50                          MATH.ASM   6-26-2013  16:26:28         PAGE 10


SYMBOL TABLE
  LABEL                             VALUE 

FERR                              00000002
FSR                               00000004
GIE                               00000007
INCW                              
INDF                              00000000
INTCON                            0000000B
INTE                              00000004
INTEDG                            00000006
INTF                              00000001
IRP                               00000007
JPWEQ                             
JPWNZ                             
JPWZ                              
LTMP                              00000001
MUL_8                             00000000
MUL_8_END                         0000001E
MUL_8_LOOP                        0000000A
NOT_BO                            00000000
NOT_BOD                           00000000
NOT_BOR                           00000000
NOT_PD                            00000003
NOT_POR                           00000001
NOT_RBPU                          00000007
NOT_T1SYNC                        00000002
NOT_TO                            00000004
OERR                              00000001
OPTION_REG                        00000081
OSCF                              00000003
PCL                               00000002
PCLATH                            0000000A
PCON                              0000008E
PEIE                              00000006
PIE1                              0000008C
PIR1                              0000000C
PORTA                             00000005
PORTB                             00000006
PR2                               00000092
PS0                               00000000
PS1                               00000001
PS2                               00000002
PSA                               00000003
RA0                               00000000
RA1                               00000001
RA2                               00000002
RA3                               00000003
RA4                               00000004
RA5                               00000005
RA6                               00000006
RA7                               00000007
RB0                               00000000
RB1                               00000001
RB2                               00000002
RB3                               00000003
MPASM  5.50                          MATH.ASM   6-26-2013  16:26:28         PAGE 11


SYMBOL TABLE
  LABEL                             VALUE 

RB4                               00000004
RB5                               00000005
RB6                               00000006
RB7                               00000007
RBIE                              00000003
RBIF                              00000000
RCIE                              00000005
RCIF                              00000005
RCREG                             0000001A
RCSTA                             00000018
RD                                00000000
RLNC                              
RP0                               00000005
RP1                               00000006
RRNC                              
RX9                               00000006
RX9D                              00000000
SPBRG                             00000099
SPEN                              00000007
SREN                              00000005
STATUS                            00000003
SYNC                              00000004
T0CS                              00000005
T0IE                              00000005
T0IF                              00000002
T0SE                              00000004
T1CKPS0                           00000004
T1CKPS1                           00000005
T1CON                             00000010
T1OSCEN                           00000003
T2CKPS0                           00000000
T2CKPS1                           00000001
T2CON                             00000012
TMR0                              00000001
TMR0IE                            00000005
TMR0IF                            00000002
TMR1                              0000000E
TMR1CS                            00000001
TMR1H                             0000000F
TMR1IE                            00000000
TMR1IF                            00000000
TMR1L                             0000000E
TMR1ON                            00000000
TMR2                              00000011
TMR2IE                            00000001
TMR2IF                            00000001
TMR2ON                            00000002
TOUTPS0                           00000003
TOUTPS1                           00000004
TOUTPS2                           00000005
TOUTPS3                           00000006
TRISA                             00000085
TRISA0                            00000000
MPASM  5.50                          MATH.ASM   6-26-2013  16:26:28         PAGE 12


SYMBOL TABLE
  LABEL                             VALUE 

TRISA1                            00000001
TRISA2                            00000002
TRISA3                            00000003
TRISA4                            00000004
TRISA5                            00000005
TRISA6                            00000006
TRISA7                            00000007
TRISB                             00000086
TRISB0                            00000000
TRISB1                            00000001
TRISB2                            00000002
TRISB3                            00000003
TRISB4                            00000004
TRISB5                            00000005
TRISB6                            00000006
TRISB7                            00000007
TRMT                              00000001
TX9                               00000006
TX9D                              00000000
TXEN                              00000005
TXIE                              00000004
TXIF                              00000004
TXREG                             00000019
TXSTA                             00000098
VR0                               00000000
VR1                               00000001
VR2                               00000002
VR3                               00000003
VRCON                             0000009F
VREN                              00000007
VROE                              00000006
VRR                               00000005
W                                 00000000
WR                                00000001
WREN                              00000002
WRERR                             00000003
W_TEMP                            00000001
Z                                 00000002
_BODEN_OFF                        00003FBF
_BODEN_ON                         00003FFF
_BOREN_OFF                        00003FBF
_BOREN_ON                         00003FFF
_CONFIG                           00002007
_CPD_OFF                          00003FFF
_CPD_ON                           00003EFF
_CP_OFF                           00003FFF
_CP_ON                            00001FFF
_DEVID1                           00002006
_ER_OSC_CLKOUT                    00003FFF
_ER_OSC_NOCLKOUT                  00003FFE
_EXTCLK_OSC                       00003FEF
_FOSC_ECIO                        00003FEF
_FOSC_EXTRCCLK                    00003FFF
MPASM  5.50                          MATH.ASM   6-26-2013  16:26:28         PAGE 13


SYMBOL TABLE
  LABEL                             VALUE 

_FOSC_EXTRCIO                     00003FFE
_FOSC_HS                          00003FEE
_FOSC_INTOSCCLK                   00003FFD
_FOSC_INTOSCIO                    00003FFC
_FOSC_LP                          00003FEC
_FOSC_XT                          00003FED
_HS_OSC                           00003FEE
_IDLOC0                           00002000
_IDLOC1                           00002001
_IDLOC2                           00002002
_IDLOC3                           00002003
_INTOSC_OSC_CLKOUT                00003FFD
_INTOSC_OSC_NOCLKOUT              00003FFC
_INTRC_OSC_CLKOUT                 00003FFD
_INTRC_OSC_NOCLKOUT               00003FFC
_LP_OSC                           00003FEC
_LVP_OFF                          00003F7F
_LVP_ON                           00003FFF
_MCLRE_OFF                        00003FDF
_MCLRE_ON                         00003FFF
_PWRTE_OFF                        00003FFF
_PWRTE_ON                         00003FF7
_RC_OSC_CLKOUT                    00003FFF
_RC_OSC_NOCLKOUT                  00003FFE
_WDTE_OFF                         00003FFB
_WDTE_ON                          00003FFF
_WDT_OFF                          00003FFB
_WDT_ON                           00003FFF
_XT_OSC                           00003FED
__16F628A                         00000001
iCount                            00000000

Errors   :     0
Warnings :     0 reported,     0 suppressed
Messages :     1 reported,     0 suppressed

