MPASM  5.50                        TIMER0.ASM   6-26-2013  16:26:46         PAGE  1


LOC  OBJECT CODE     LINE SOURCE TEXT
  VALUE

                      00001 ;;;;;;;;;;;;;;;;;;;;;;;;;;;;;;;;;;;;;;;;;;;;;;;;;;;;;;;;;;;;;;;;;;;;;;;;;;;;;;;;;;;;;;;;;;
                      00002 ;   
                      00003 ;   Biblioteca operação com timer 0
                      00004 ;   @Author  :  Rafael Dias Menezes
                      00005 ;   @Data    :  Jul/2009
                      00006 ;
                      00007 ;;;;;;;;;;;;;;;;;;;;;;;;;;;;;;;;;;;;;;;;;;;;;;;;;;;;;;;;;;;;;;;;;;;;;;;;;;;;;;;;;;;;;;;;;;
                      00008 
                      00009     #include <defs.inc>
                      00001 
                      00002 
                      00003     list p=16F628A
                      00004     #include <p16F628A.inc>
                      00001         LIST
                      00002 
                      00003 ;==========================================================================
                      00004 ;  MPASM PIC16F628A processor include
                      00005 ; 
                      00006 ;  (c) Copyright 1999-2013 Microchip Technology, All rights reserved
                      00007 ;==========================================================================
                      00008 
                      00385         LIST
                      00005     RADIX   dec
                      00006     
                      00010     #include "macros.inc"
                      00001 ;;;;;;;;;;;;;;;;;;;;;;;;;;;;;;;;;;;;;;;;;;;;;;;;;;;;;;;;;;;;;;;;;;;;;;;;;;;;;;;;;;;;;;;;;;
                      00002 ;   
                      00003 ;   Biblioteca de macros
                      00004 ;   @Author  :  Rafael Dias Menezes
                      00005 ;   @Data    :  Jul/2009
                      00006 ;
                      00007 ;;;;;;;;;;;;;;;;;;;;;;;;;;;;;;;;;;;;;;;;;;;;;;;;;;;;;;;;;;;;;;;;;;;;;;;;;;;;;;;;;;;;;;;;;;
                      00008     #include <defs.inc>
                      00007 
                      00008 
                      00009     list p=16F628A
                      00010     #include <p16F628A.inc>
                      00386         LIST
                      00387 
                      00388 ;==========================================================================
                      00389 ;  MPASM PIC16F628A processor include
                      00390 ; 
                      00391 ;  (c) Copyright 1999-2013 Microchip Technology, All rights reserved
                      00392 ;==========================================================================
                      00393 
Message[310]: Superseding current maximum RAM and RAM map.
                      00770         LIST
                      00011     RADIX   dec
                      00012     
                      00009         
                      00010 ;;;;;;;;;;;;;;;;;;;;;;;;;;;;;;;;;;;;;;;;;;;;;;;;;;;;;;;;;;;;;;;;;;;;;;;;;;;;;;;;;;;;;;;;
                      00011 ;       MACRO CJNE
                      00012 ;       \brief  Compara e salta se o registro for diferente ao valor 
MPASM  5.50                        TIMER0.ASM   6-26-2013  16:26:46         PAGE  2


LOC  OBJECT CODE     LINE SOURCE TEXT
  VALUE

                      00013 ;       \param  REG     registro a ser comparado
                      00014 ;       \param  VAL     valor a ser comparado   
                      00015 ;       \param  ENDER endereco de salto
                      00016 ;;;;;;;;;;;;;;;;;;;;;;;;;;;;;;;;;;;;;;;;;;;;;;;;;;;;;;;;;;;;;;;;;;;;;;;;;;;;;;;;;;;;;;;;
                      00017 CJNE    MACRO   REG, VAL, ENDER
                      00018                 movlw   VAL
                      00019                 xorlw   REG,W
                      00020                 btfss   STATUS,Z
                      00021                 goto    ENDER   
                      00022                 ENDM    
                      00023 
                      00024 ;;;;;;;;;;;;;;;;;;;;;;;;;;;;;;;;;;;;;;;;;;;;;;;;;;;;;;;;;;;;;;;;;;;;;;;;;;;;;;;;;;;;;;;;;;;
                      00025 
                      00026 ;;;;;;;;;;;;;;;;;;;;;;;;;;;;;;;;;;;;;;;;;;;;;;;;;;;;;;;;;;;;;;;;;;;;;;;;;;;;;;;;;;;;;;;;
                      00027 ;       MACRO CJEQ
                      00028 ;       \brief  Compara e salta se o registro for igual ao valor 
                      00029 ;       \param  REG     registro a ser comparado
                      00030 ;       \param  VAL     valor a ser comparado   
                      00031 ;       \param  ENDER endereco de salto
                      00032 ;;;;;;;;;;;;;;;;;;;;;;;;;;;;;;;;;;;;;;;;;;;;;;;;;;;;;;;;;;;;;;;;;;;;;;;;;;;;;;;;;;;;;;;;
                      00033 CJEQ    MACRO   REG, VAL, ENDER
                      00034                 movlw   VAL
                      00035                 xorwf   REG,W
                      00036                 btfsc   STATUS,Z
                      00037                 goto    ENDER   
                      00038                 ENDM    
                      00039 
                      00040 ;;;;;;;;;;;;;;;;;;;;;;;;;;;;;;;;;;;;;;;;;;;;;;;;;;;;;;;;;;;;;;;;;;;;;;;;;;;;;;;;;;;;;;;;
                      00041 ;       MACRO CJGT
                      00042 ;       \brief  Compara e salta se o registro for maior do que o valor 
                      00043 ;       \param  REG     registro a ser comparado
                      00044 ;       \param  VAL     valor a ser comparado   
                      00045 ;       \param  ENDER endereco de salto
                      00046 ;;;;;;;;;;;;;;;;;;;;;;;;;;;;;;;;;;;;;;;;;;;;;;;;;;;;;;;;;;;;;;;;;;;;;;;;;;;;;;;;;;;;;;;;
                      00047 CJGT    MACRO   REG, VAL, ENDER
                      00048                 movlw   VAL
                      00049                 subwf   REG,W
                      00050                 btfsc   STATUS,C
                      00051                 goto    ENDER   
                      00052                 ENDM    
                      00053                 
                      00054 ;;;;;;;;;;;;;;;;;;;;;;;;;;;;;;;;;;;;;;;;;;;;;;;;;;;;;;;;;;;;;;;;;;;;;;;;;;;;;;;;;;;;;;;;
                      00055 ; MACRO CJLT
                      00056 ;       \brief  Compara e salta se o registro for menor do que o valor 
                      00057 ;       \param  REG     registro a ser comparado
                      00058 ;       \param  VAL     valor a ser comparado   
                      00059 ;       \param  ENDER endereco de salto
                      00060 ;;;;;;;;;;;;;;;;;;;;;;;;;;;;;;;;;;;;;;;;;;;;;;;;;;;;;;;;;;;;;;;;;;;;;;;;;;;;;;;;;;;;;;;;
                      00061 CJLT    MACRO   REG, VAL, ENDER
                      00062                 movlw           VAL
                      00063                 subwf           REG,W
                      00064                 btfss           STATUS,C
                      00065                 goto            ENDER   
MPASM  5.50                        TIMER0.ASM   6-26-2013  16:26:46         PAGE  3


LOC  OBJECT CODE     LINE SOURCE TEXT
  VALUE

                      00066                 ENDM    
                      00067                 
                      00068 ;;;;;;;;;;;;;;;;;;;;;;;;;;;;;;;;;;;;;;;;;;;;;;;;;;;;;;;;;;;;;;;;;;;;;;;;;;;;;;;;;;;;;;;;
                      00069 ; MACRO JPWZ
                      00070 ;       \brief  Salta se o acumulador for zero
                      00071 ;       \param  ENDER endereco de salto
                      00072 ;;;;;;;;;;;;;;;;;;;;;;;;;;;;;;;;;;;;;;;;;;;;;;;;;;;;;;;;;;;;;;;;;;;;;;;;;;;;;;;;;;;;;;;;
                      00073 JPWZ    MACRO  ENDER
                      00074                 iorlw           0
                      00075                 btfsc           STATUS,Z
                      00076                 goto            ENDER
                      00077                 ENDM
                      00078                 
                      00079 ;;;;;;;;;;;;;;;;;;;;;;;;;;;;;;;;;;;;;;;;;;;;;;;;;;;;;;;;;;;;;;;;;;;;;;;;;;;;;;;;;;;;;;;;
                      00080 ; MACRO JPWNZ
                      00081 ;       \brief  Salta se o acumulador for diferente de zero
                      00082 ;       \param  ENDER endereco de salto
                      00083 ;;;;;;;;;;;;;;;;;;;;;;;;;;;;;;;;;;;;;;;;;;;;;;;;;;;;;;;;;;;;;;;;;;;;;;;;;;;;;;;;;;;;;;;;
                      00084 JPWNZ   MACRO  ENDER
                      00085                 iorlw           0
                      00086                 btfss           STATUS,Z
                      00087                 goto            ENDER
                      00088                 ENDM
                      00089                 
                      00090 ;;;;;;;;;;;;;;;;;;;;;;;;;;;;;;;;;;;;;;;;;;;;;;;;;;;;;;;;;;;;;;;;;;;;;;;;;;;;;;;;;;;;;;;;                
                      00091 ; MACRO JPWNZ
                      00092 ;       \brief  Salta se o acumulador for igual ao valor
                      00093 ;       \param  VAL     valor comparado
                      00094 ;       \param  ENDER endereco de salto
                      00095 ;;;;;;;;;;;;;;;;;;;;;;;;;;;;;;;;;;;;;;;;;;;;;;;;;;;;;;;;;;;;;;;;;;;;;;;;;;;;;;;;;;;;;;;;
                      00096 JPWEQ   MACRO   VAL, ENDER      
                      00097                 xorlw           VAL
                      00098                 btfsc           STATUS,Z
                      00099                 goto            ENDER
                      00100                 ENDM
                      00101                 
                      00102 ;;;;;;;;;;;;;;;;;;;;;;;;;;;;;;;;;;;;;;;;;;;;;;;;;;;;;;;;;;;;;;;;;;;;;;;;;;;;;;;;;;;;;;;;
                      00103 ; MACRO INCW
                      00104 ;       \brief  incrementa acumulador
                      00105 ;       \param  ENDER endereco de salto
                      00106 ;;;;;;;;;;;;;;;;;;;;;;;;;;;;;;;;;;;;;;;;;;;;;;;;;;;;;;;;;;;;;;;;;;;;;;;;;;;;;;;;;;;;;;;;
                      00107 INCW    MACRO   
                      00108                 addlw   1
                      00109                 ENDM
                      00110                 
                      00111 ;;;;;;;;;;;;;;;;;;;;;;;;;;;;;;;;;;;;;;;;;;;;;;;;;;;;;;;;;;;;;;;;;;;;;;;;;;;;;;;;;;;;;;;;
                      00112 ; MACRO DECW
                      00113 ;       \brief  decrementa acumulador
                      00114 ;       \param  ENDER endereco de salto
                      00115 ;;;;;;;;;;;;;;;;;;;;;;;;;;;;;;;;;;;;;;;;;;;;;;;;;;;;;;;;;;;;;;;;;;;;;;;;;;;;;;;;;;;;;;;;
                      00116 DECW    MACRO
                      00117                 addlw   -1
                      00118                 ENDM
MPASM  5.50                        TIMER0.ASM   6-26-2013  16:26:46         PAGE  4


LOC  OBJECT CODE     LINE SOURCE TEXT
  VALUE

                      00119         
                      00120 ;;;;;;;;;;;;;;;;;;;;;;;;;;;;;;;;;;;;;;;;;;;;;;;;;;;;;;;;;;;;;;;;;;;;;;;;;;;;;;;;;;;;;;;;
                      00121 ; MACRO RRNC
                      00122 ;       \brief  rotaciona registro sem o carry
                      00123 ;       \param  REG regostro a ser rotacionado
                      00124 ;;;;;;;;;;;;;;;;;;;;;;;;;;;;;;;;;;;;;;;;;;;;;;;;;;;;;;;;;;;;;;;;;;;;;;;;;;;;;;;;;;;;;;;;
                      00125 RRNC    MACRO REG
                      00126                 bcf                     STATUS, C
                      00127                 rrf                     REG, F
                      00128                 ENDM
                      00129 
                      00130 ;;;;;;;;;;;;;;;;;;;;;;;;;;;;;;;;;;;;;;;;;;;;;;;;;;;;;;;;;;;;;;;;;;;;;;;;;;;;;;;;;;;;;;;;
                      00131 ; MACRO RLNC
                      00132 ;       \brief  rotaciona registro sem o carry
                      00133 ;       \param  REG regostro a ser rotacionado
                      00134 ;;;;;;;;;;;;;;;;;;;;;;;;;;;;;;;;;;;;;;;;;;;;;;;;;;;;;;;;;;;;;;;;;;;;;;;;;;;;;;;;;;;;;;;;
                      00135 RLNC    MACRO REG
                      00136                 bcf                     STATUS, C
                      00137                 rlf                     REG, F
                      00138                 ENDM
                      00139                 
                      00140 ;;;;;;;;;;;;;;;;;;;;;;;;;;;;;;;;;;;;;;;;;;;;;;;;;;;;;;;;;;;;;;;;;;;;;;;;;;;;;;;;;;;;;;;;
                      00141 ; MACRO COMW
                      00142 ;       \brief  complementa acumulador
                      00143 ;;;;;;;;;;;;;;;;;;;;;;;;;;;;;;;;;;;;;;;;;;;;;;;;;;;;;;;;;;;;;;;;;;;;;;;;;;;;;;;;;;;;;;;;
                      00144 COMW    MACRO 
                      00145                 xorlw                   0xFF
                      00146                 ENDM
                      00147                 
                      00148                 
                      00149 ;;;;;;;;;;;;;;;;;;;;;;;;;;;;;;;;;;;;;;;;;;;;;;;;;;;;;;;;;;;;;;;;;;;;;;;;;;;;;;;;;;;;;;;;
                      00150 ; MACRO BCW
                      00151 ;       \brief  apaga um bit do acumulador
                      00152 ;;;;;;;;;;;;;;;;;;;;;;;;;;;;;;;;;;;;;;;;;;;;;;;;;;;;;;;;;;;;;;;;;;;;;;;;;;;;;;;;;;;;;;;;
                      00153 BCW     MACRO BIT
                      00154                 IF (BIT==0) 
                      00155                         andlw   b'11111110'
                      00156                 ENDIF
                      00157                 IF (BIT==1)
                      00158                         andlw   b'11111101'
                      00159                 ENDIF
                      00160                 IF (BIT==2)
                      00161                         andlw   b'11111011'
                      00162                 ENDIF
                      00163                 IF (BIT==3)
                      00164                         andlw   b'11110111'
                      00165                 ENDIF
                      00166                 IF (BIT==4)
                      00167                         andlw   b'11101111'
                      00168                 ENDIF
                      00169                 IF (BIT==5)
                      00170                         andlw   b'11011111'
                      00171                 ENDIF
MPASM  5.50                        TIMER0.ASM   6-26-2013  16:26:46         PAGE  5


LOC  OBJECT CODE     LINE SOURCE TEXT
  VALUE

                      00172                 IF (BIT==6)
                      00173                         andlw   b'10111111'
                      00174                 ENDIF
                      00175                 IF (BIT==7)
                      00176                         andlw   b'01111111'
                      00177                 ENDIF
                      00178                 ENDM
                      00179 
                      00180 
                      00181 ;;;;;;;;;;;;;;;;;;;;;;;;;;;;;;;;;;;;;;;;;;;;;;;;;;;;;;;;;;;;;;;;;;;;;;;;;;;;;;;;;;;;;;;;
                      00182 ; MACRO BSW
                      00183 ;       \brief  liga um bit do acumulador
                      00184 ;;;;;;;;;;;;;;;;;;;;;;;;;;;;;;;;;;;;;;;;;;;;;;;;;;;;;;;;;;;;;;;;;;;;;;;;;;;;;;;;;;;;;;;;
                      00185 BSW     MACRO BIT
                      00186                 IF (BIT==0) 
                      00187                         iorlw   1
                      00188                 ENDIF
                      00189                 IF (BIT==1)
                      00190                         iorlw 2
                      00191                 ENDIF
                      00192                 IF (BIT==2)
                      00193                         iorlw   4
                      00194                 ENDIF
                      00195                 IF (BIT==3)
                      00196                         iorlw   8
                      00197                 ENDIF
                      00198                 IF (BIT==4)
                      00199                         iorlw   16
                      00200                 ENDIF
                      00201                 IF (BIT==5)
                      00202                         iorlw   32
                      00203                 ENDIF
                      00204                 IF (BIT==6)
                      00205                         iorlw   64
                      00206                 ENDIF
                      00207                 IF (BIT==7)
                      00208                         iorlw   128
                      00209                 ENDIF
                      00210         ENDM
                      00211 
                      00011     
  FFFFFF07            00012 TMR0_REL    EQU -(250-1)
                      00013 
  0000000A            00014 INIT_SEC_COUNT  EQU 10
  000000FA            00015 _ONESEC                 EQU     250
                      00016     
  0000                00017         GLOBAL  InitTimer0, TrataTimer0
  0000                00018         GLOBAL  iSecCounter
                      00019         ;GLOBAL  iTimer0EN
                      00020         
                      00021         UDATA
0000                  00022 iEvntCounter    res 2           ; contador de eventos do timer0. Deverá contar de 1 até 1000 para dar 1 
                            segundo
MPASM  5.50                        TIMER0.ASM   6-26-2013  16:26:46         PAGE  6


LOC  OBJECT CODE     LINE SOURCE TEXT
  VALUE

0002                  00023 iSecCounter     res 1           ; contador para aparecer no display
0003                  00024 iCounterRUN             res 1                   ; controle de execução de contagem do contador de evento
                            s do timer
                      00025 
                      00026     CODE
                      00027     
                      00028 ;;;;;;;;;;;;;;;;;;;;;;;;;;;;;;;;;;;;;;;;;;;;;;;;;;;;;;;;;;;;;;;;;;;;;;;;;;;;;;;;;;;;;;;;;;
                      00029 ;
                      00030 ;   InitTimer0:
                      00031 ;   Inicializa o timer 0 para interrupção a cada 1ms
                      00032 ;
                      00033 ;;;;;;;;;;;;;;;;;;;;;;;;;;;;;;;;;;;;;;;;;;;;;;;;;;;;;;;;;;;;;;;;;;;;;;;;;;;;;;;;;;;;;;;;;;
0000                  00034 InitTimer0:
                      00035     ; timer 0 inicializado como temporizador de aproximadamente 1ms.
                      00036     ; para isso devemos utilizar o módulo contador de 8 bits (T0) em conjunto com o prescaler.
                      00037     
0000   1283 1303      00038     BANKSEL INTCON
0002   138B           00039     bcf     INTCON, GIE
                      00040     
0003   ???? ????      00041     BANKSEL iSecCounter
0005   300A           00042     movlw   INIT_SEC_COUNT
0006   00??           00043     movwf   iSecCounter
                      00044     
0007   ???? ????      00045     BANKSEL iEvntCounter
0009   01??           00046     clrf    iEvntCounter
000A   01??           00047     clrf    iEvntCounter+1
                      00048     
                      00049     ; configura o 55663066
000B   1683 1303      00050     BANKSEL OPTION_REG
000D   3081           00051     movlw   0x81            ; RBPU      = 1 -> sem pull-up
                      00052                             ; INTEDG    = 0 -> irrelevante
                      00053                             ; TOCS      = 0 -> fonte do clock para o timer 0 : clock intern + preescaler
                      00054                             ; TOSE      = 0 -> irrelevante
                      00055                             ; PSA       = 0 -> preescaler atribuido ao TIMER0
                      00056                             ; PS        = 1 -> preescaler de 1:4
Message[302]: Register in operand not in bank 0.  Ensure that bank bits are correct.
000E   0081           00057     movwf   OPTION_REG
                      00058     
000F   1283 1303      00059     BANKSEL TMR0            ; 
0011   3007           00060     movlw   TMR0_REL
0012   0081           00061     movwf   TMR0
                      00062 
0013   1283 1303      00063     BANKSEL INTCON
0015   130B           00064     bcf     INTCON, PEIE
0016   168B           00065     bsf     INTCON, T0IE
0017   178B           00066     bsf     INTCON, GIE
                      00067     
0018   ???? ????      00068     BANKSEL     iCounterRUN
001A   01??           00069     clrf        iCounterRUN             ; deixa o contador parado
                      00070     
001B   0008           00071     return
                      00072 ;;;;;;;;;;;;;;;;;;;;;;;;;;;;;;;;;;;;;;;;;;;;;;;;;;;;;;;;;;;;;;;;;;;;;;;;;;;;;;;;;;;;;;;;;;]    
                      00073 
MPASM  5.50                        TIMER0.ASM   6-26-2013  16:26:46         PAGE  7


LOC  OBJECT CODE     LINE SOURCE TEXT
  VALUE

                      00074 
                      00075 ;;;;;;;;;;;;;;;;;;;;;;;;;;;;;;;;;;;;;;;;;;;;;;;;;;;;;;;;;;;;;;;;;;;;;;;;;;;;;;;;;;;;;;;;;;]
                      00076 ;
                      00077 ;   TrataTimer0:
                      00078 ;   Realiza tratamento da interrupção do timer0
                      00079 ;;;;;;;;;;;;;;;;;;;;;;;;;;;;;;;;;;;;;;;;;;;;;;;;;;;;;;;;;;;;;;;;;;;;;;;;;;;;;;;;;;;;;;;;;;
001C                  00080 TrataTimer0:
001C   1283 1303      00081     BANKSEL TMR0    ; recarrega timer
001E   3007           00082     movlw   TMR0_REL
001F   0081           00083     movwf   TMR0
                      00084     
0020   ???? ????      00085     BANKSEL     iCounterRUN
                      00086     ;mov
                      00087     
0022   ???? ????      00088     BANKSEL iEvntCounter
0024   0A??           00089     incf    iEvntCounter+1,F    ; incrementa contador
0025   1903           00090     btfsc   STATUS,Z
0026   0A??           00091     incf    iEvntCounter,F
                      00092     
0027   30FA           00093     movlw   LOW _ONESEC            ; verifica se o contador é igual a 1000. Se for, zera, incrementa  e 
                            continua
0028   06??           00094     xorwf   iEvntCounter+1,W
0029   1903           00095     btfsc   STATUS,Z
002A   2???           00096     goto    $+2                 ; continua com a validação de iEvntCounter == 1000
002B   2???           00097     goto    TrataTimer0_END     ; vai para o final
002C   3000           00098     movlw   HIGH _ONESEC
002D   06??           00099     xorwf   iEvntCounter,W
002E   1903           00100     btfsc   STATUS,Z
002F   2???           00101     goto    $+2
0030   2???           00102     goto    TrataTimer0_END
                      00103     
0031   01??           00104     clrf    iEvntCounter
0032   01??           00105     clrf    iEvntCounter+1
                      00106     
0033   ???? ????      00107     BANKSEL iSecCounter
0035   0A??           00108     incf    iSecCounter,F
0036   3064           00109     movlw   100
0037   06??           00110     xorwf   iSecCounter,W
0038   1903           00111     btfsc   STATUS,Z
0039   01??           00112     clrf    iSecCounter
                      00113     
003A                  00114 TrataTimer0_END:
003A   110B           00115     bcf   INTCON, T0IF
003B   0008           00116     return
                      00117     
                      00118 ;;;;;;;;;;;;;;;;;;;;;;;;;;;;;;;;;;;;;;;;;;;;;;;;;;;;;;;;;;;;;;;;;;;;;;;;;;;;;;;;;;;;;;;;;;
                      00119     
                      00120 
                      00121         end
MPASM  5.50                        TIMER0.ASM   6-26-2013  16:26:46         PAGE  8


SYMBOL TABLE
  LABEL                             VALUE 

ADDEN                             00000003
ADEN                              00000003
BCW                               
BRGH                              00000002
BSW                               
C                                 00000000
C1INV                             00000004
C1OUT                             00000006
C2INV                             00000005
C2OUT                             00000007
CCP1CON                           00000017
CCP1IE                            00000002
CCP1IF                            00000002
CCP1M0                            00000000
CCP1M1                            00000001
CCP1M2                            00000002
CCP1M3                            00000003
CCP1X                             00000005
CCP1Y                             00000004
CCPR1                             00000015
CCPR1H                            00000016
CCPR1L                            00000015
CIS                               00000003
CJEQ                              
CJGT                              
CJLT                              
CJNE                              
CM0                               00000000
CM1                               00000001
CM2                               00000002
CMCON                             0000001F
CMIE                              00000006
CMIF                              00000006
COMW                              
CREN                              00000004
CSRC                              00000007
DATA_CP_OFF                       00003FFF
DATA_CP_ON                        00003EFF
DC                                00000001
DECW                              
EEADR                             0000009B
EECON1                            0000009C
EECON2                            0000009D
EEDATA                            0000009A
EEIE                              00000007
EEIF                              00000007
F                                 00000001
FERR                              00000002
FSR                               00000004
GIE                               00000007
INCW                              
INDF                              00000000
INIT_SEC_COUNT                    0000000A
MPASM  5.50                        TIMER0.ASM   6-26-2013  16:26:46         PAGE  9


SYMBOL TABLE
  LABEL                             VALUE 

INTCON                            0000000B
INTE                              00000004
INTEDG                            00000006
INTF                              00000001
IRP                               00000007
InitTimer0                        00000000
JPWEQ                             
JPWNZ                             
JPWZ                              
NOT_BO                            00000000
NOT_BOD                           00000000
NOT_BOR                           00000000
NOT_PD                            00000003
NOT_POR                           00000001
NOT_RBPU                          00000007
NOT_T1SYNC                        00000002
NOT_TO                            00000004
OERR                              00000001
OPTION_REG                        00000081
OSCF                              00000003
PCL                               00000002
PCLATH                            0000000A
PCON                              0000008E
PEIE                              00000006
PIE1                              0000008C
PIR1                              0000000C
PORTA                             00000005
PORTB                             00000006
PR2                               00000092
PS0                               00000000
PS1                               00000001
PS2                               00000002
PSA                               00000003
RA0                               00000000
RA1                               00000001
RA2                               00000002
RA3                               00000003
RA4                               00000004
RA5                               00000005
RA6                               00000006
RA7                               00000007
RB0                               00000000
RB1                               00000001
RB2                               00000002
RB3                               00000003
RB4                               00000004
RB5                               00000005
RB6                               00000006
RB7                               00000007
RBIE                              00000003
RBIF                              00000000
RCIE                              00000005
RCIF                              00000005
MPASM  5.50                        TIMER0.ASM   6-26-2013  16:26:46         PAGE 10


SYMBOL TABLE
  LABEL                             VALUE 

RCREG                             0000001A
RCSTA                             00000018
RD                                00000000
RLNC                              
RP0                               00000005
RP1                               00000006
RRNC                              
RX9                               00000006
RX9D                              00000000
SPBRG                             00000099
SPEN                              00000007
SREN                              00000005
STATUS                            00000003
SYNC                              00000004
T0CS                              00000005
T0IE                              00000005
T0IF                              00000002
T0SE                              00000004
T1CKPS0                           00000004
T1CKPS1                           00000005
T1CON                             00000010
T1OSCEN                           00000003
T2CKPS0                           00000000
T2CKPS1                           00000001
T2CON                             00000012
TMR0                              00000001
TMR0IE                            00000005
TMR0IF                            00000002
TMR0_REL                          FFFFFF07
TMR1                              0000000E
TMR1CS                            00000001
TMR1H                             0000000F
TMR1IE                            00000000
TMR1IF                            00000000
TMR1L                             0000000E
TMR1ON                            00000000
TMR2                              00000011
TMR2IE                            00000001
TMR2IF                            00000001
TMR2ON                            00000002
TOUTPS0                           00000003
TOUTPS1                           00000004
TOUTPS2                           00000005
TOUTPS3                           00000006
TRISA                             00000085
TRISA0                            00000000
TRISA1                            00000001
TRISA2                            00000002
TRISA3                            00000003
TRISA4                            00000004
TRISA5                            00000005
TRISA6                            00000006
TRISA7                            00000007
MPASM  5.50                        TIMER0.ASM   6-26-2013  16:26:46         PAGE 11


SYMBOL TABLE
  LABEL                             VALUE 

TRISB                             00000086
TRISB0                            00000000
TRISB1                            00000001
TRISB2                            00000002
TRISB3                            00000003
TRISB4                            00000004
TRISB5                            00000005
TRISB6                            00000006
TRISB7                            00000007
TRMT                              00000001
TX9                               00000006
TX9D                              00000000
TXEN                              00000005
TXIE                              00000004
TXIF                              00000004
TXREG                             00000019
TXSTA                             00000098
TrataTimer0                       0000001C
TrataTimer0_END                   0000003A
VR0                               00000000
VR1                               00000001
VR2                               00000002
VR3                               00000003
VRCON                             0000009F
VREN                              00000007
VROE                              00000006
VRR                               00000005
W                                 00000000
WR                                00000001
WREN                              00000002
WRERR                             00000003
Z                                 00000002
_.code_002A                       0000002A
_.code_002F                       0000002F
_BODEN_OFF                        00003FBF
_BODEN_ON                         00003FFF
_BOREN_OFF                        00003FBF
_BOREN_ON                         00003FFF
_CONFIG                           00002007
_CPD_OFF                          00003FFF
_CPD_ON                           00003EFF
_CP_OFF                           00003FFF
_CP_ON                            00001FFF
_DEVID1                           00002006
_ER_OSC_CLKOUT                    00003FFF
_ER_OSC_NOCLKOUT                  00003FFE
_EXTCLK_OSC                       00003FEF
_FOSC_ECIO                        00003FEF
_FOSC_EXTRCCLK                    00003FFF
_FOSC_EXTRCIO                     00003FFE
_FOSC_HS                          00003FEE
_FOSC_INTOSCCLK                   00003FFD
_FOSC_INTOSCIO                    00003FFC
MPASM  5.50                        TIMER0.ASM   6-26-2013  16:26:46         PAGE 12


SYMBOL TABLE
  LABEL                             VALUE 

_FOSC_LP                          00003FEC
_FOSC_XT                          00003FED
_HS_OSC                           00003FEE
_IDLOC0                           00002000
_IDLOC1                           00002001
_IDLOC2                           00002002
_IDLOC3                           00002003
_INTOSC_OSC_CLKOUT                00003FFD
_INTOSC_OSC_NOCLKOUT              00003FFC
_INTRC_OSC_CLKOUT                 00003FFD
_INTRC_OSC_NOCLKOUT               00003FFC
_LP_OSC                           00003FEC
_LVP_OFF                          00003F7F
_LVP_ON                           00003FFF
_MCLRE_OFF                        00003FDF
_MCLRE_ON                         00003FFF
_ONESEC                           000000FA
_PWRTE_OFF                        00003FFF
_PWRTE_ON                         00003FF7
_RC_OSC_CLKOUT                    00003FFF
_RC_OSC_NOCLKOUT                  00003FFE
_WDTE_OFF                         00003FFB
_WDTE_ON                          00003FFF
_WDT_OFF                          00003FFB
_WDT_ON                           00003FFF
_XT_OSC                           00003FED
__16F628A                         00000001
iCounterRUN                       00000003
iEvntCounter                      00000000
iSecCounter                       00000002

Errors   :     0
Warnings :     0 reported,     0 suppressed
Messages :     2 reported,     0 suppressed

